  Assessment1A.cpp
C:\Users\hazaw\Documents\Graphics\Assessment1A\Assessment1A\do_not_edit.h(83,34): warning C4267: 'argument': conversion from 'size_t' to '_Ty', possible loss of data
C:\Users\hazaw\Documents\Graphics\Assessment1A\Assessment1A\do_not_edit.h(83,34): warning C4267:         with
C:\Users\hazaw\Documents\Graphics\Assessment1A\Assessment1A\do_not_edit.h(83,34): warning C4267:         [
C:\Users\hazaw\Documents\Graphics\Assessment1A\Assessment1A\do_not_edit.h(83,34): warning C4267:             _Ty=unsigned int
C:\Users\hazaw\Documents\Graphics\Assessment1A\Assessment1A\do_not_edit.h(83,34): warning C4267:         ]
  (compiling source file 'Assessment1A.cpp')
  
C:\Users\hazaw\Documents\Graphics\Assessment1A\Assessment1A\do_not_edit.h(140,9): warning C4477: 'printf' : format string '%d' requires an argument of type 'int', but variadic argument 2 has type 'unsigned __int64'
  (compiling source file 'Assessment1A.cpp')
      C:\Users\hazaw\Documents\Graphics\Assessment1A\Assessment1A\do_not_edit.h(140,9):
      consider using '%zd' in the format string
  
C:\Users\hazaw\Documents\Graphics\Assessment1A\Assessment1A\do_not_edit.h(194,87): warning C4244: '=': conversion from 'float' to 'char', possible loss of data
  (compiling source file 'Assessment1A.cpp')
  
C:\Users\hazaw\Documents\Graphics\Assessment1A\Assessment1A\do_not_edit.h(195,87): warning C4244: '=': conversion from 'float' to 'char', possible loss of data
  (compiling source file 'Assessment1A.cpp')
  
C:\Users\hazaw\Documents\Graphics\Assessment1A\Assessment1A\do_not_edit.h(196,87): warning C4244: '=': conversion from 'float' to 'char', possible loss of data
  (compiling source file 'Assessment1A.cpp')
  
C:\Users\hazaw\Documents\Graphics\Assessment1A\Assessment1A\rasterise.h(79,35): warning C4244: 'argument': conversion from 'int' to 'float', possible loss of data
  (compiling source file 'Assessment1A.cpp')
  
C:\Users\hazaw\Documents\Graphics\Assessment1A\Assessment1A\rasterise.h(79,31): warning C4244: 'argument': conversion from 'int' to 'float', possible loss of data
  (compiling source file 'Assessment1A.cpp')
  
C:\Users\hazaw\Documents\Graphics\Assessment1A\Assessment1A\rasterise.h(80,34): warning C4244: 'argument': conversion from 'int' to 'float', possible loss of data
  (compiling source file 'Assessment1A.cpp')
  
C:\Users\hazaw\Documents\Graphics\Assessment1A\Assessment1A\rasterise.h(80,30): warning C4244: 'argument': conversion from 'int' to 'float', possible loss of data
  (compiling source file 'Assessment1A.cpp')
  
C:\Users\hazaw\Documents\Graphics\Assessment1A\Assessment1A\rasterise.h(81,35): warning C4244: 'argument': conversion from 'int' to 'float', possible loss of data
  (compiling source file 'Assessment1A.cpp')
  
C:\Users\hazaw\Documents\Graphics\Assessment1A\Assessment1A\rasterise.h(81,31): warning C4244: 'argument': conversion from 'int' to 'float', possible loss of data
  (compiling source file 'Assessment1A.cpp')
  
C:\Users\hazaw\Documents\Graphics\Assessment1A\Assessment1A\rasterise.h(101,13): warning C4244: 'initializing': conversion from 'float' to 'int', possible loss of data
  (compiling source file 'Assessment1A.cpp')
  
C:\Users\hazaw\Documents\Graphics\Assessment1A\Assessment1A\rasterise.h(132,15): warning C4267: 'initializing': conversion from 'size_t' to 'int', possible loss of data
  (compiling source file 'Assessment1A.cpp')
  
C:\Users\hazaw\Documents\Graphics\Assessment1A\Assessment1A\do_not_edit.h(142,1): warning C4715: 'obj_parse': not all control paths return a value
C:\Users\hazaw\Documents\Graphics\Assessment1A\Assessment1A\do_not_edit.h(243,1): warning C4715: 'savebitmap': not all control paths return a value
  Assessment1A.vcxproj -> C:\Users\hazaw\Documents\Graphics\Assessment1A\x64\Debug\Assessment1A.exe
