  SS8.cpp
C:\Users\hazaw\Documents\Graphics\include\file.h(17,11): warning C4267: 'initializing': conversion from 'size_t' to 'long', possible loss of data
  (compiling source file 'SS8.cpp')
  
C:\Users\hazaw\Documents\Graphics\SS8\SS8\do_not_edit.h(83,34): warning C4267: 'argument': conversion from 'size_t' to '_Ty', possible loss of data
C:\Users\hazaw\Documents\Graphics\SS8\SS8\do_not_edit.h(83,34): warning C4267:         with
C:\Users\hazaw\Documents\Graphics\SS8\SS8\do_not_edit.h(83,34): warning C4267:         [
C:\Users\hazaw\Documents\Graphics\SS8\SS8\do_not_edit.h(83,34): warning C4267:             _Ty=unsigned int
C:\Users\hazaw\Documents\Graphics\SS8\SS8\do_not_edit.h(83,34): warning C4267:         ]
  (compiling source file 'SS8.cpp')
  
C:\Users\hazaw\Documents\Graphics\SS8\SS8\do_not_edit.h(140,9): warning C4477: 'printf' : format string '%d' requires an argument of type 'int', but variadic argument 2 has type 'unsigned __int64'
  (compiling source file 'SS8.cpp')
      C:\Users\hazaw\Documents\Graphics\SS8\SS8\do_not_edit.h(140,9):
      consider using '%zd' in the format string
  
C:\Users\hazaw\Documents\Graphics\SS8\SS8\do_not_edit.h(194,87): warning C4244: '=': conversion from 'float' to 'char', possible loss of data
  (compiling source file 'SS8.cpp')
  
C:\Users\hazaw\Documents\Graphics\SS8\SS8\do_not_edit.h(195,87): warning C4244: '=': conversion from 'float' to 'char', possible loss of data
  (compiling source file 'SS8.cpp')
  
C:\Users\hazaw\Documents\Graphics\SS8\SS8\do_not_edit.h(196,87): warning C4244: '=': conversion from 'float' to 'char', possible loss of data
  (compiling source file 'SS8.cpp')
  
C:\Users\hazaw\Documents\Graphics\SS8\SS8\SS8.cpp(106,23): warning C4267: 'initializing': conversion from 'size_t' to 'int', possible loss of data
C:\Users\hazaw\Documents\Graphics\SS8\SS8\do_not_edit.h(142,1): warning C4715: 'obj_parse': not all control paths return a value
C:\Users\hazaw\Documents\Graphics\SS8\SS8\do_not_edit.h(243,1): warning C4715: 'savebitmap': not all control paths return a value
  SS8.vcxproj -> C:\Users\hazaw\Documents\Graphics\SS8\x64\Debug\SS8.exe
